Linked: (/home/jetson/catkin_ws/devel/.private/canopen_chain_node/include/canopen_chain_node/GetObject.h, /home/jetson/catkin_ws/devel/include/canopen_chain_node/GetObject.h)
Linked: (/home/jetson/catkin_ws/devel/.private/canopen_chain_node/include/canopen_chain_node/SetObjectRequest.h, /home/jetson/catkin_ws/devel/include/canopen_chain_node/SetObjectRequest.h)
Linked: (/home/jetson/catkin_ws/devel/.private/canopen_chain_node/include/canopen_chain_node/GetObjectRequest.h, /home/jetson/catkin_ws/devel/include/canopen_chain_node/GetObjectRequest.h)
Linked: (/home/jetson/catkin_ws/devel/.private/canopen_chain_node/include/canopen_chain_node/SetObjectResponse.h, /home/jetson/catkin_ws/devel/include/canopen_chain_node/SetObjectResponse.h)
Linked: (/home/jetson/catkin_ws/devel/.private/canopen_chain_node/include/canopen_chain_node/GetObjectResponse.h, /home/jetson/catkin_ws/devel/include/canopen_chain_node/GetObjectResponse.h)
Linked: (/home/jetson/catkin_ws/devel/.private/canopen_chain_node/include/canopen_chain_node/SetObject.h, /home/jetson/catkin_ws/devel/include/canopen_chain_node/SetObject.h)
Linked: (/home/jetson/catkin_ws/devel/.private/canopen_chain_node/share/gennodejs/ros/canopen_chain_node/_index.js, /home/jetson/catkin_ws/devel/share/gennodejs/ros/canopen_chain_node/_index.js)
Linked: (/home/jetson/catkin_ws/devel/.private/canopen_chain_node/share/gennodejs/ros/canopen_chain_node/srv/_index.js, /home/jetson/catkin_ws/devel/share/gennodejs/ros/canopen_chain_node/srv/_index.js)
Linked: (/home/jetson/catkin_ws/devel/.private/canopen_chain_node/share/gennodejs/ros/canopen_chain_node/srv/GetObject.js, /home/jetson/catkin_ws/devel/share/gennodejs/ros/canopen_chain_node/srv/GetObject.js)
Linked: (/home/jetson/catkin_ws/devel/.private/canopen_chain_node/share/gennodejs/ros/canopen_chain_node/srv/SetObject.js, /home/jetson/catkin_ws/devel/share/gennodejs/ros/canopen_chain_node/srv/SetObject.js)
Linked: (/home/jetson/catkin_ws/devel/.private/canopen_chain_node/share/roseus/ros/canopen_chain_node/manifest.l, /home/jetson/catkin_ws/devel/share/roseus/ros/canopen_chain_node/manifest.l)
Linked: (/home/jetson/catkin_ws/devel/.private/canopen_chain_node/share/roseus/ros/canopen_chain_node/srv/SetObject.l, /home/jetson/catkin_ws/devel/share/roseus/ros/canopen_chain_node/srv/SetObject.l)
Linked: (/home/jetson/catkin_ws/devel/.private/canopen_chain_node/share/roseus/ros/canopen_chain_node/srv/GetObject.l, /home/jetson/catkin_ws/devel/share/roseus/ros/canopen_chain_node/srv/GetObject.l)
Linked: (/home/jetson/catkin_ws/devel/.private/canopen_chain_node/share/common-lisp/ros/canopen_chain_node/srv/SetObject.lisp, /home/jetson/catkin_ws/devel/share/common-lisp/ros/canopen_chain_node/srv/SetObject.lisp)
Linked: (/home/jetson/catkin_ws/devel/.private/canopen_chain_node/share/common-lisp/ros/canopen_chain_node/srv/_package.lisp, /home/jetson/catkin_ws/devel/share/common-lisp/ros/canopen_chain_node/srv/_package.lisp)
Linked: (/home/jetson/catkin_ws/devel/.private/canopen_chain_node/share/common-lisp/ros/canopen_chain_node/srv/_package_GetObject.lisp, /home/jetson/catkin_ws/devel/share/common-lisp/ros/canopen_chain_node/srv/_package_GetObject.lisp)
Linked: (/home/jetson/catkin_ws/devel/.private/canopen_chain_node/share/common-lisp/ros/canopen_chain_node/srv/GetObject.lisp, /home/jetson/catkin_ws/devel/share/common-lisp/ros/canopen_chain_node/srv/GetObject.lisp)
Linked: (/home/jetson/catkin_ws/devel/.private/canopen_chain_node/share/common-lisp/ros/canopen_chain_node/srv/canopen_chain_node-srv.asd, /home/jetson/catkin_ws/devel/share/common-lisp/ros/canopen_chain_node/srv/canopen_chain_node-srv.asd)
Linked: (/home/jetson/catkin_ws/devel/.private/canopen_chain_node/share/common-lisp/ros/canopen_chain_node/srv/_package_SetObject.lisp, /home/jetson/catkin_ws/devel/share/common-lisp/ros/canopen_chain_node/srv/_package_SetObject.lisp)
Linked: (/home/jetson/catkin_ws/devel/.private/canopen_chain_node/share/canopen_chain_node/cmake/canopen_chain_nodeConfig.cmake, /home/jetson/catkin_ws/devel/share/canopen_chain_node/cmake/canopen_chain_nodeConfig.cmake)
Linked: (/home/jetson/catkin_ws/devel/.private/canopen_chain_node/share/canopen_chain_node/cmake/canopen_chain_node-msg-extras.cmake, /home/jetson/catkin_ws/devel/share/canopen_chain_node/cmake/canopen_chain_node-msg-extras.cmake)
Linked: (/home/jetson/catkin_ws/devel/.private/canopen_chain_node/share/canopen_chain_node/cmake/canopen_chain_nodeConfig-version.cmake, /home/jetson/catkin_ws/devel/share/canopen_chain_node/cmake/canopen_chain_nodeConfig-version.cmake)
Linked: (/home/jetson/catkin_ws/devel/.private/canopen_chain_node/share/canopen_chain_node/cmake/canopen_chain_node-msg-paths.cmake, /home/jetson/catkin_ws/devel/share/canopen_chain_node/cmake/canopen_chain_node-msg-paths.cmake)
Linked: (/home/jetson/catkin_ws/devel/.private/canopen_chain_node/lib/libcanopen_ros_chain.so, /home/jetson/catkin_ws/devel/lib/libcanopen_ros_chain.so)
Linked: (/home/jetson/catkin_ws/devel/.private/canopen_chain_node/lib/python2.7/dist-packages/canopen_chain_node/__init__.py, /home/jetson/catkin_ws/devel/lib/python2.7/dist-packages/canopen_chain_node/__init__.py)
Linked: (/home/jetson/catkin_ws/devel/.private/canopen_chain_node/lib/python2.7/dist-packages/canopen_chain_node/srv/__init__.py, /home/jetson/catkin_ws/devel/lib/python2.7/dist-packages/canopen_chain_node/srv/__init__.py)
Linked: (/home/jetson/catkin_ws/devel/.private/canopen_chain_node/lib/python2.7/dist-packages/canopen_chain_node/srv/_SetObject.py, /home/jetson/catkin_ws/devel/lib/python2.7/dist-packages/canopen_chain_node/srv/_SetObject.py)
Linked: (/home/jetson/catkin_ws/devel/.private/canopen_chain_node/lib/python2.7/dist-packages/canopen_chain_node/srv/_GetObject.py, /home/jetson/catkin_ws/devel/lib/python2.7/dist-packages/canopen_chain_node/srv/_GetObject.py)
Linked: (/home/jetson/catkin_ws/devel/.private/canopen_chain_node/lib/pkgconfig/canopen_chain_node.pc, /home/jetson/catkin_ws/devel/lib/pkgconfig/canopen_chain_node.pc)
Linked: (/home/jetson/catkin_ws/devel/.private/canopen_chain_node/lib/canopen_chain_node/canopen_sync_node, /home/jetson/catkin_ws/devel/lib/canopen_chain_node/canopen_sync_node)
Linked: (/home/jetson/catkin_ws/devel/.private/canopen_chain_node/lib/canopen_chain_node/canopen_chain_node, /home/jetson/catkin_ws/devel/lib/canopen_chain_node/canopen_chain_node)
