[  0%] Built target std_msgs_generate_messages_py
[  0%] Built target roscpp_generate_messages_cpp
[  0%] Built target std_srvs_generate_messages_lisp
[  0%] Built target _canopen_chain_node_generate_messages_check_deps_GetObject
[  0%] Built target _canopen_chain_node_generate_messages_check_deps_SetObject
[  0%] Built target std_msgs_generate_messages_nodejs
[  0%] Built target std_msgs_generate_messages_lisp
[  0%] Built target diagnostic_msgs_generate_messages_py
[  0%] Built target diagnostic_msgs_generate_messages_lisp
[  0%] Built target diagnostic_msgs_generate_messages_cpp
[  0%] Built target std_msgs_generate_messages_eus
[  0%] Built target rosgraph_msgs_generate_messages_nodejs
[  0%] Built target rosgraph_msgs_generate_messages_py
[  0%] Built target diagnostic_msgs_generate_messages_nodejs
[  0%] Built target roscpp_generate_messages_nodejs
[  0%] Built target std_msgs_generate_messages_cpp
[  0%] Built target roscpp_generate_messages_eus
[  0%] Built target roscpp_generate_messages_lisp
[  0%] Built target roscpp_generate_messages_py
[  0%] Built target rosgraph_msgs_generate_messages_eus
[  0%] Built target rosgraph_msgs_generate_messages_cpp
[  0%] Built target std_srvs_generate_messages_cpp
[  0%] Built target std_srvs_generate_messages_eus
[  0%] Built target rosgraph_msgs_generate_messages_lisp
[  0%] Built target std_srvs_generate_messages_nodejs
[  0%] Built target std_srvs_generate_messages_py
[ 10%] Built target canopen_chain_node_generate_messages_cpp
[ 10%] Built target diagnostic_msgs_generate_messages_eus
[ 25%] Built target canopen_chain_node_generate_messages_eus
[ 40%] Built target canopen_sync_node
[ 55%] Built target canopen_chain_node_generate_messages_py
[ 65%] Built target canopen_chain_node_generate_messages_lisp
[ 75%] Built target canopen_chain_node_generate_messages_nodejs
[ 75%] Built target canopen_chain_node_generate_messages
[ 90%] Built target canopen_ros_chain
[100%] Built target canopen_chain_node
