Symlinking /home/jetson/catkin_ws/devel/include/canopen_chain_node/GetObject.h
Symlinking /home/jetson/catkin_ws/devel/include/canopen_chain_node/SetObjectRequest.h
Symlinking /home/jetson/catkin_ws/devel/include/canopen_chain_node/GetObjectRequest.h
Symlinking /home/jetson/catkin_ws/devel/include/canopen_chain_node/SetObjectResponse.h
Symlinking /home/jetson/catkin_ws/devel/include/canopen_chain_node/GetObjectResponse.h
Symlinking /home/jetson/catkin_ws/devel/include/canopen_chain_node/SetObject.h
Symlinking /home/jetson/catkin_ws/devel/share/gennodejs/ros/canopen_chain_node/_index.js
Symlinking /home/jetson/catkin_ws/devel/share/gennodejs/ros/canopen_chain_node/srv/_index.js
Symlinking /home/jetson/catkin_ws/devel/share/gennodejs/ros/canopen_chain_node/srv/GetObject.js
Symlinking /home/jetson/catkin_ws/devel/share/gennodejs/ros/canopen_chain_node/srv/SetObject.js
Symlinking /home/jetson/catkin_ws/devel/share/roseus/ros/canopen_chain_node/manifest.l
Symlinking /home/jetson/catkin_ws/devel/share/roseus/ros/canopen_chain_node/srv/SetObject.l
Symlinking /home/jetson/catkin_ws/devel/share/roseus/ros/canopen_chain_node/srv/GetObject.l
Symlinking /home/jetson/catkin_ws/devel/share/common-lisp/ros/canopen_chain_node/srv/SetObject.lisp
Symlinking /home/jetson/catkin_ws/devel/share/common-lisp/ros/canopen_chain_node/srv/_package.lisp
Symlinking /home/jetson/catkin_ws/devel/share/common-lisp/ros/canopen_chain_node/srv/_package_GetObject.lisp
Symlinking /home/jetson/catkin_ws/devel/share/common-lisp/ros/canopen_chain_node/srv/GetObject.lisp
Symlinking /home/jetson/catkin_ws/devel/share/common-lisp/ros/canopen_chain_node/srv/canopen_chain_node-srv.asd
Symlinking /home/jetson/catkin_ws/devel/share/common-lisp/ros/canopen_chain_node/srv/_package_SetObject.lisp
Symlinking /home/jetson/catkin_ws/devel/share/canopen_chain_node/cmake/canopen_chain_nodeConfig.cmake
Symlinking /home/jetson/catkin_ws/devel/share/canopen_chain_node/cmake/canopen_chain_node-msg-extras.cmake
Symlinking /home/jetson/catkin_ws/devel/share/canopen_chain_node/cmake/canopen_chain_nodeConfig-version.cmake
Symlinking /home/jetson/catkin_ws/devel/share/canopen_chain_node/cmake/canopen_chain_node-msg-paths.cmake
Symlinking /home/jetson/catkin_ws/devel/lib/libcanopen_ros_chain.so
Symlinking /home/jetson/catkin_ws/devel/lib/python2.7/dist-packages/canopen_chain_node/__init__.py
Symlinking /home/jetson/catkin_ws/devel/lib/python2.7/dist-packages/canopen_chain_node/srv/__init__.py
Symlinking /home/jetson/catkin_ws/devel/lib/python2.7/dist-packages/canopen_chain_node/srv/_SetObject.py
Symlinking /home/jetson/catkin_ws/devel/lib/python2.7/dist-packages/canopen_chain_node/srv/_GetObject.py
Symlinking /home/jetson/catkin_ws/devel/lib/pkgconfig/canopen_chain_node.pc
Symlinking /home/jetson/catkin_ws/devel/lib/canopen_chain_node/canopen_sync_node
Symlinking /home/jetson/catkin_ws/devel/lib/canopen_chain_node/canopen_chain_node
