[35m[1mScanning dependencies of target _canopen_chain_node_generate_messages_check_deps_SetObject[0m
[35m[1mScanning dependencies of target roscpp_generate_messages_cpp[0m
[35m[1mScanning dependencies of target _canopen_chain_node_generate_messages_check_deps_GetObject[0m
[  0%] Built target roscpp_generate_messages_cpp
[35m[1mScanning dependencies of target std_msgs_generate_messages_py[0m
[  0%] Built target std_msgs_generate_messages_py
[  0%] Built target _canopen_chain_node_generate_messages_check_deps_SetObject
[  0%] Built target _canopen_chain_node_generate_messages_check_deps_GetObject
[35m[1mScanning dependencies of target std_srvs_generate_messages_lisp[0m
[35m[1mScanning dependencies of target std_msgs_generate_messages_nodejs[0m
[  0%] Built target std_srvs_generate_messages_lisp
[35m[1mScanning dependencies of target std_msgs_generate_messages_lisp[0m
[  0%] Built target std_msgs_generate_messages_nodejs
[  0%] Built target std_msgs_generate_messages_lisp
[35m[1mScanning dependencies of target diagnostic_msgs_generate_messages_py[0m
[35m[1mScanning dependencies of target diagnostic_msgs_generate_messages_lisp[0m
[35m[1mScanning dependencies of target diagnostic_msgs_generate_messages_cpp[0m
[  0%] Built target diagnostic_msgs_generate_messages_py
[  0%] Built target diagnostic_msgs_generate_messages_lisp
[  0%] Built target diagnostic_msgs_generate_messages_cpp
[35m[1mScanning dependencies of target std_msgs_generate_messages_eus[0m
[35m[1mScanning dependencies of target rosgraph_msgs_generate_messages_py[0m
[35m[1mScanning dependencies of target rosgraph_msgs_generate_messages_nodejs[0m
[  0%] Built target std_msgs_generate_messages_eus
[  0%] Built target rosgraph_msgs_generate_messages_py
[  0%] Built target rosgraph_msgs_generate_messages_nodejs
[35m[1mScanning dependencies of target diagnostic_msgs_generate_messages_nodejs[0m
[35m[1mScanning dependencies of target std_msgs_generate_messages_cpp[0m
[35m[1mScanning dependencies of target roscpp_generate_messages_nodejs[0m
[  0%] Built target diagnostic_msgs_generate_messages_nodejs
[  0%] Built target std_msgs_generate_messages_cpp
[  0%] Built target roscpp_generate_messages_nodejs
[35m[1mScanning dependencies of target roscpp_generate_messages_eus[0m
[35m[1mScanning dependencies of target roscpp_generate_messages_lisp[0m
[35m[1mScanning dependencies of target roscpp_generate_messages_py[0m
[  0%] Built target roscpp_generate_messages_eus
[  0%] Built target roscpp_generate_messages_lisp
[  0%] Built target roscpp_generate_messages_py
[35m[1mScanning dependencies of target rosgraph_msgs_generate_messages_cpp[0m
[35m[1mScanning dependencies of target rosgraph_msgs_generate_messages_eus[0m
[35m[1mScanning dependencies of target std_srvs_generate_messages_cpp[0m
[  0%] Built target rosgraph_msgs_generate_messages_cpp
[  0%] Built target rosgraph_msgs_generate_messages_eus
[35m[1mScanning dependencies of target rosgraph_msgs_generate_messages_lisp[0m
[  0%] Built target std_srvs_generate_messages_cpp
[35m[1mScanning dependencies of target std_srvs_generate_messages_eus[0m
[  0%] Built target rosgraph_msgs_generate_messages_lisp
[  0%] Built target std_srvs_generate_messages_eus
[35m[1mScanning dependencies of target std_srvs_generate_messages_nodejs[0m
[35m[1mScanning dependencies of target std_srvs_generate_messages_py[0m
[  0%] Built target std_srvs_generate_messages_nodejs
[35m[1mScanning dependencies of target diagnostic_msgs_generate_messages_eus[0m
[35m[1mScanning dependencies of target canopen_chain_node_generate_messages_cpp[0m
[  0%] Built target std_srvs_generate_messages_py
[  0%] Built target diagnostic_msgs_generate_messages_eus
[  5%] [34m[1mGenerating C++ code from canopen_chain_node/SetObject.srv[0m
[35m[1mScanning dependencies of target canopen_sync_node[0m
[35m[1mScanning dependencies of target canopen_chain_node_generate_messages_eus[0m
[ 10%] [34m[1mGenerating EusLisp code from canopen_chain_node/SetObject.srv[0m
[ 15%] [32mBuilding CXX object CMakeFiles/canopen_sync_node.dir/src/rosconsole_bridge.cpp.o[0m
[ 20%] [34m[1mGenerating EusLisp code from canopen_chain_node/GetObject.srv[0m
[ 25%] [34m[1mGenerating EusLisp manifest code for canopen_chain_node[0m
[ 30%] [32mBuilding CXX object CMakeFiles/canopen_sync_node.dir/src/sync_node.cpp.o[0m
[ 35%] [34m[1mGenerating C++ code from canopen_chain_node/GetObject.srv[0m
[ 35%] Built target canopen_chain_node_generate_messages_cpp
[35m[1mScanning dependencies of target canopen_chain_node_generate_messages_py[0m
[ 40%] [34m[1mGenerating Python code from SRV canopen_chain_node/SetObject[0m
[ 45%] [34m[1mGenerating Python code from SRV canopen_chain_node/GetObject[0m
[ 50%] [34m[1mGenerating Python srv __init__.py for canopen_chain_node[0m
[ 50%] Built target canopen_chain_node_generate_messages_eus
[35m[1mScanning dependencies of target canopen_chain_node_generate_messages_lisp[0m
[ 55%] [34m[1mGenerating Lisp code from canopen_chain_node/SetObject.srv[0m
[ 60%] [34m[1mGenerating Lisp code from canopen_chain_node/GetObject.srv[0m
[ 60%] Built target canopen_chain_node_generate_messages_py
[35m[1mScanning dependencies of target canopen_chain_node_generate_messages_nodejs[0m
[ 65%] [34m[1mGenerating Javascript code from canopen_chain_node/SetObject.srv[0m
[ 65%] Built target canopen_chain_node_generate_messages_lisp
[ 70%] [34m[1mGenerating Javascript code from canopen_chain_node/GetObject.srv[0m
[ 70%] Built target canopen_chain_node_generate_messages_nodejs
[35m[1mScanning dependencies of target canopen_chain_node_generate_messages[0m
[35m[1mScanning dependencies of target canopen_ros_chain[0m
[ 70%] Built target canopen_chain_node_generate_messages
[ 75%] [32mBuilding CXX object CMakeFiles/canopen_ros_chain.dir/src/ros_chain.cpp.o[0m
[ 80%] [32mBuilding CXX object CMakeFiles/canopen_ros_chain.dir/src/rosconsole_bridge.cpp.o[0m
[ 85%] [32m[1mLinking CXX executable /home/jetson/catkin_ws/devel/.private/canopen_chain_node/lib/canopen_chain_node/canopen_sync_node[0m
[ 85%] Built target canopen_sync_node
[ 90%] [32m[1mLinking CXX shared library /home/jetson/catkin_ws/devel/.private/canopen_chain_node/lib/libcanopen_ros_chain.so[0m
[ 90%] Built target canopen_ros_chain
[35m[1mScanning dependencies of target canopen_chain_node[0m
[ 95%] [32mBuilding CXX object CMakeFiles/canopen_chain_node.dir/src/chain_node.cpp.o[0m
[100%] [32m[1mLinking CXX executable /home/jetson/catkin_ws/devel/.private/canopen_chain_node/lib/canopen_chain_node/canopen_chain_node[0m
[100%] Built target canopen_chain_node
