Determining if the pthread_create exist failed with the following output:
Change Dir: /home/jetson/catkin_ws/build/spacenav_node/CMakeFiles/CMakeTmp

Run Build Command:"/usr/bin/make" "cmTC_7c34b/fast"
/usr/bin/make -f CMakeFiles/cmTC_7c34b.dir/build.make CMakeFiles/cmTC_7c34b.dir/build
make[1]: Entering directory '/home/jetson/catkin_ws/build/spacenav_node/CMakeFiles/CMakeTmp'
Building C object CMakeFiles/cmTC_7c34b.dir/CheckSymbolExists.c.o
/usr/bin/cc    -o CMakeFiles/cmTC_7c34b.dir/CheckSymbolExists.c.o   -c /home/jetson/catkin_ws/build/spacenav_node/CMakeFiles/CMakeTmp/CheckSymbolExists.c
Linking C executable cmTC_7c34b
/usr/bin/cmake -E cmake_link_script CMakeFiles/cmTC_7c34b.dir/link.txt --verbose=1
/usr/bin/cc      -rdynamic CMakeFiles/cmTC_7c34b.dir/CheckSymbolExists.c.o  -o cmTC_7c34b 
CMakeFiles/cmTC_7c34b.dir/CheckSymbolExists.c.o: In function `main':
CheckSymbolExists.c:(.text+0x14): undefined reference to `pthread_create'
CheckSymbolExists.c:(.text+0x18): undefined reference to `pthread_create'
collect2: error: ld returned 1 exit status
CMakeFiles/cmTC_7c34b.dir/build.make:97: recipe for target 'cmTC_7c34b' failed
make[1]: *** [cmTC_7c34b] Error 1
make[1]: Leaving directory '/home/jetson/catkin_ws/build/spacenav_node/CMakeFiles/CMakeTmp'
Makefile:126: recipe for target 'cmTC_7c34b/fast' failed
make: *** [cmTC_7c34b/fast] Error 2

File /home/jetson/catkin_ws/build/spacenav_node/CMakeFiles/CMakeTmp/CheckSymbolExists.c:
/* */
#include <pthread.h>

int main(int argc, char** argv)
{
  (void)argv;
#ifndef pthread_create
  return ((int*)(&pthread_create))[argc];
#else
  (void)argc;
  return 0;
#endif
}

Determining if the function pthread_create exists in the pthreads failed with the following output:
Change Dir: /home/jetson/catkin_ws/build/spacenav_node/CMakeFiles/CMakeTmp

Run Build Command:"/usr/bin/make" "cmTC_d790e/fast"
/usr/bin/make -f CMakeFiles/cmTC_d790e.dir/build.make CMakeFiles/cmTC_d790e.dir/build
make[1]: Entering directory '/home/jetson/catkin_ws/build/spacenav_node/CMakeFiles/CMakeTmp'
Building C object CMakeFiles/cmTC_d790e.dir/CheckFunctionExists.c.o
/usr/bin/cc   -DCHECK_FUNCTION_EXISTS=pthread_create   -o CMakeFiles/cmTC_d790e.dir/CheckFunctionExists.c.o   -c /usr/share/cmake-3.10/Modules/CheckFunctionExists.c
Linking C executable cmTC_d790e
/usr/bin/cmake -E cmake_link_script CMakeFiles/cmTC_d790e.dir/link.txt --verbose=1
/usr/bin/cc  -DCHECK_FUNCTION_EXISTS=pthread_create    -rdynamic CMakeFiles/cmTC_d790e.dir/CheckFunctionExists.c.o  -o cmTC_d790e -lpthreads 
/usr/bin/ld: cannot find -lpthreads
collect2: error: ld returned 1 exit status
CMakeFiles/cmTC_d790e.dir/build.make:97: recipe for target 'cmTC_d790e' failed
make[1]: *** [cmTC_d790e] Error 1
make[1]: Leaving directory '/home/jetson/catkin_ws/build/spacenav_node/CMakeFiles/CMakeTmp'
Makefile:126: recipe for target 'cmTC_d790e/fast' failed
make: *** [cmTC_d790e/fast] Error 2


