Determining if the pthread_create exist failed with the following output:
Change Dir: /home/jetson/catkin_ws/build/canopen_master/CMakeFiles/CMakeTmp

Run Build Command:"/usr/bin/make" "cmTC_fcb79/fast"
/usr/bin/make -f CMakeFiles/cmTC_fcb79.dir/build.make CMakeFiles/cmTC_fcb79.dir/build
make[1]: Entering directory '/home/jetson/catkin_ws/build/canopen_master/CMakeFiles/CMakeTmp'
Building C object CMakeFiles/cmTC_fcb79.dir/CheckSymbolExists.c.o
/usr/bin/cc    -o CMakeFiles/cmTC_fcb79.dir/CheckSymbolExists.c.o   -c /home/jetson/catkin_ws/build/canopen_master/CMakeFiles/CMakeTmp/CheckSymbolExists.c
Linking C executable cmTC_fcb79
/usr/bin/cmake -E cmake_link_script CMakeFiles/cmTC_fcb79.dir/link.txt --verbose=1
/usr/bin/cc      -rdynamic CMakeFiles/cmTC_fcb79.dir/CheckSymbolExists.c.o  -o cmTC_fcb79 
CMakeFiles/cmTC_fcb79.dir/CheckSymbolExists.c.o: In function `main':
CheckSymbolExists.c:(.text+0x14): undefined reference to `pthread_create'
CheckSymbolExists.c:(.text+0x18): undefined reference to `pthread_create'
collect2: error: ld returned 1 exit status
CMakeFiles/cmTC_fcb79.dir/build.make:97: recipe for target 'cmTC_fcb79' failed
make[1]: *** [cmTC_fcb79] Error 1
make[1]: Leaving directory '/home/jetson/catkin_ws/build/canopen_master/CMakeFiles/CMakeTmp'
Makefile:126: recipe for target 'cmTC_fcb79/fast' failed
make: *** [cmTC_fcb79/fast] Error 2

File /home/jetson/catkin_ws/build/canopen_master/CMakeFiles/CMakeTmp/CheckSymbolExists.c:
/* */
#include <pthread.h>

int main(int argc, char** argv)
{
  (void)argv;
#ifndef pthread_create
  return ((int*)(&pthread_create))[argc];
#else
  (void)argc;
  return 0;
#endif
}

Determining if the function pthread_create exists in the pthreads failed with the following output:
Change Dir: /home/jetson/catkin_ws/build/canopen_master/CMakeFiles/CMakeTmp

Run Build Command:"/usr/bin/make" "cmTC_bfa80/fast"
/usr/bin/make -f CMakeFiles/cmTC_bfa80.dir/build.make CMakeFiles/cmTC_bfa80.dir/build
make[1]: Entering directory '/home/jetson/catkin_ws/build/canopen_master/CMakeFiles/CMakeTmp'
Building C object CMakeFiles/cmTC_bfa80.dir/CheckFunctionExists.c.o
/usr/bin/cc   -DCHECK_FUNCTION_EXISTS=pthread_create   -o CMakeFiles/cmTC_bfa80.dir/CheckFunctionExists.c.o   -c /usr/share/cmake-3.10/Modules/CheckFunctionExists.c
Linking C executable cmTC_bfa80
/usr/bin/cmake -E cmake_link_script CMakeFiles/cmTC_bfa80.dir/link.txt --verbose=1
/usr/bin/cc  -DCHECK_FUNCTION_EXISTS=pthread_create    -rdynamic CMakeFiles/cmTC_bfa80.dir/CheckFunctionExists.c.o  -o cmTC_bfa80 -lpthreads 
/usr/bin/ld: cannot find -lpthreads
collect2: error: ld returned 1 exit status
CMakeFiles/cmTC_bfa80.dir/build.make:97: recipe for target 'cmTC_bfa80' failed
make[1]: *** [cmTC_bfa80] Error 1
make[1]: Leaving directory '/home/jetson/catkin_ws/build/canopen_master/CMakeFiles/CMakeTmp'
Makefile:126: recipe for target 'cmTC_bfa80/fast' failed
make: *** [cmTC_bfa80/fast] Error 2


