Determining if the pthread_create exist failed with the following output:
Change Dir: /home/jetson/catkin_ws/build/wiimote/CMakeFiles/CMakeTmp

Run Build Command:"/usr/bin/make" "cmTC_0a17b/fast"
/usr/bin/make -f CMakeFiles/cmTC_0a17b.dir/build.make CMakeFiles/cmTC_0a17b.dir/build
make[1]: Entering directory '/home/jetson/catkin_ws/build/wiimote/CMakeFiles/CMakeTmp'
Building C object CMakeFiles/cmTC_0a17b.dir/CheckSymbolExists.c.o
/usr/bin/cc    -o CMakeFiles/cmTC_0a17b.dir/CheckSymbolExists.c.o   -c /home/jetson/catkin_ws/build/wiimote/CMakeFiles/CMakeTmp/CheckSymbolExists.c
Linking C executable cmTC_0a17b
/usr/bin/cmake -E cmake_link_script CMakeFiles/cmTC_0a17b.dir/link.txt --verbose=1
/usr/bin/cc      -rdynamic CMakeFiles/cmTC_0a17b.dir/CheckSymbolExists.c.o  -o cmTC_0a17b 
CMakeFiles/cmTC_0a17b.dir/CheckSymbolExists.c.o: In function `main':
CheckSymbolExists.c:(.text+0x14): undefined reference to `pthread_create'
CheckSymbolExists.c:(.text+0x18): undefined reference to `pthread_create'
collect2: error: ld returned 1 exit status
CMakeFiles/cmTC_0a17b.dir/build.make:97: recipe for target 'cmTC_0a17b' failed
make[1]: *** [cmTC_0a17b] Error 1
make[1]: Leaving directory '/home/jetson/catkin_ws/build/wiimote/CMakeFiles/CMakeTmp'
Makefile:126: recipe for target 'cmTC_0a17b/fast' failed
make: *** [cmTC_0a17b/fast] Error 2

File /home/jetson/catkin_ws/build/wiimote/CMakeFiles/CMakeTmp/CheckSymbolExists.c:
/* */
#include <pthread.h>

int main(int argc, char** argv)
{
  (void)argv;
#ifndef pthread_create
  return ((int*)(&pthread_create))[argc];
#else
  (void)argc;
  return 0;
#endif
}

Determining if the function pthread_create exists in the pthreads failed with the following output:
Change Dir: /home/jetson/catkin_ws/build/wiimote/CMakeFiles/CMakeTmp

Run Build Command:"/usr/bin/make" "cmTC_7f1c1/fast"
/usr/bin/make -f CMakeFiles/cmTC_7f1c1.dir/build.make CMakeFiles/cmTC_7f1c1.dir/build
make[1]: Entering directory '/home/jetson/catkin_ws/build/wiimote/CMakeFiles/CMakeTmp'
Building C object CMakeFiles/cmTC_7f1c1.dir/CheckFunctionExists.c.o
/usr/bin/cc   -DCHECK_FUNCTION_EXISTS=pthread_create   -o CMakeFiles/cmTC_7f1c1.dir/CheckFunctionExists.c.o   -c /usr/share/cmake-3.10/Modules/CheckFunctionExists.c
Linking C executable cmTC_7f1c1
/usr/bin/cmake -E cmake_link_script CMakeFiles/cmTC_7f1c1.dir/link.txt --verbose=1
/usr/bin/cc  -DCHECK_FUNCTION_EXISTS=pthread_create    -rdynamic CMakeFiles/cmTC_7f1c1.dir/CheckFunctionExists.c.o  -o cmTC_7f1c1 -lpthreads 
/usr/bin/ld: cannot find -lpthreads
collect2: error: ld returned 1 exit status
CMakeFiles/cmTC_7f1c1.dir/build.make:97: recipe for target 'cmTC_7f1c1' failed
make[1]: *** [cmTC_7f1c1] Error 1
make[1]: Leaving directory '/home/jetson/catkin_ws/build/wiimote/CMakeFiles/CMakeTmp'
Makefile:126: recipe for target 'cmTC_7f1c1/fast' failed
make: *** [cmTC_7f1c1/fast] Error 2


