Determining if the pthread_create exist failed with the following output:
Change Dir: /home/jetson/catkin_ws/build/ps3joy/CMakeFiles/CMakeTmp

Run Build Command:"/usr/bin/make" "cmTC_c43a6/fast"
/usr/bin/make -f CMakeFiles/cmTC_c43a6.dir/build.make CMakeFiles/cmTC_c43a6.dir/build
make[1]: Entering directory '/home/jetson/catkin_ws/build/ps3joy/CMakeFiles/CMakeTmp'
Building C object CMakeFiles/cmTC_c43a6.dir/CheckSymbolExists.c.o
/usr/bin/cc    -o CMakeFiles/cmTC_c43a6.dir/CheckSymbolExists.c.o   -c /home/jetson/catkin_ws/build/ps3joy/CMakeFiles/CMakeTmp/CheckSymbolExists.c
Linking C executable cmTC_c43a6
/usr/bin/cmake -E cmake_link_script CMakeFiles/cmTC_c43a6.dir/link.txt --verbose=1
/usr/bin/cc      -rdynamic CMakeFiles/cmTC_c43a6.dir/CheckSymbolExists.c.o  -o cmTC_c43a6 
CMakeFiles/cmTC_c43a6.dir/CheckSymbolExists.c.o: In function `main':
CheckSymbolExists.c:(.text+0x14): undefined reference to `pthread_create'
CheckSymbolExists.c:(.text+0x18): undefined reference to `pthread_create'
collect2: error: ld returned 1 exit status
CMakeFiles/cmTC_c43a6.dir/build.make:97: recipe for target 'cmTC_c43a6' failed
make[1]: *** [cmTC_c43a6] Error 1
make[1]: Leaving directory '/home/jetson/catkin_ws/build/ps3joy/CMakeFiles/CMakeTmp'
Makefile:126: recipe for target 'cmTC_c43a6/fast' failed
make: *** [cmTC_c43a6/fast] Error 2

File /home/jetson/catkin_ws/build/ps3joy/CMakeFiles/CMakeTmp/CheckSymbolExists.c:
/* */
#include <pthread.h>

int main(int argc, char** argv)
{
  (void)argv;
#ifndef pthread_create
  return ((int*)(&pthread_create))[argc];
#else
  (void)argc;
  return 0;
#endif
}

Determining if the function pthread_create exists in the pthreads failed with the following output:
Change Dir: /home/jetson/catkin_ws/build/ps3joy/CMakeFiles/CMakeTmp

Run Build Command:"/usr/bin/make" "cmTC_c0c16/fast"
/usr/bin/make -f CMakeFiles/cmTC_c0c16.dir/build.make CMakeFiles/cmTC_c0c16.dir/build
make[1]: Entering directory '/home/jetson/catkin_ws/build/ps3joy/CMakeFiles/CMakeTmp'
Building C object CMakeFiles/cmTC_c0c16.dir/CheckFunctionExists.c.o
/usr/bin/cc   -DCHECK_FUNCTION_EXISTS=pthread_create   -o CMakeFiles/cmTC_c0c16.dir/CheckFunctionExists.c.o   -c /usr/share/cmake-3.10/Modules/CheckFunctionExists.c
Linking C executable cmTC_c0c16
/usr/bin/cmake -E cmake_link_script CMakeFiles/cmTC_c0c16.dir/link.txt --verbose=1
/usr/bin/cc  -DCHECK_FUNCTION_EXISTS=pthread_create    -rdynamic CMakeFiles/cmTC_c0c16.dir/CheckFunctionExists.c.o  -o cmTC_c0c16 -lpthreads 
/usr/bin/ld: cannot find -lpthreads
collect2: error: ld returned 1 exit status
CMakeFiles/cmTC_c0c16.dir/build.make:97: recipe for target 'cmTC_c0c16' failed
make[1]: *** [cmTC_c0c16] Error 1
make[1]: Leaving directory '/home/jetson/catkin_ws/build/ps3joy/CMakeFiles/CMakeTmp'
Makefile:126: recipe for target 'cmTC_c0c16/fast' failed
make: *** [cmTC_c0c16/fast] Error 2


